2015-05-26 06:22:27 [127.0.0.1][-][-][error][yii\web\HttpException:404] exception 'yii\base\InvalidRouteException' with message 'Unable to resolve the request "".' in /Users/niancode/niandev/37ln/cakewx/vendor/yiisoft/yii2/base/Module.php:461
Stack trace:
#0 /Users/niancode/niandev/37ln/cakewx/vendor/yiisoft/yii2/web/Application.php(84): yii\base\Module->runAction('', Array)
#1 /Users/niancode/niandev/37ln/cakewx/vendor/yiisoft/yii2/base/Application.php(375): yii\web\Application->handleRequest(Object(yii\web\Request))
#2 /Users/niancode/niandev/37ln/cakewx/app/web/index.php(18): yii\base\Application->run()
#3 {main}

Next exception 'yii\web\NotFoundHttpException' with message 'Page not found.' in /Users/niancode/niandev/37ln/cakewx/vendor/yiisoft/yii2/web/Application.php:96
Stack trace:
#0 /Users/niancode/niandev/37ln/cakewx/vendor/yiisoft/yii2/base/Application.php(375): yii\web\Application->handleRequest(Object(yii\web\Request))
#1 /Users/niancode/niandev/37ln/cakewx/app/web/index.php(18): yii\base\Application->run()
#2 {main}
2015-05-26 06:22:27 [127.0.0.1][-][-][info][application] $_COOKIE = [
    '_csrf' => 'a6ad5fd5d26d3c3fbfd30a2c12645d8cb2583aa99e72d08e9e90857828663026a:2:{i:0;s:5:\"_csrf\";i:1;s:32:\"zgcTRIQdz9FkZQDBjgOeuV98KfLLSxwR\";}'
    'PHPSESSID' => 'eiqk6f1budqm34nifsdboahha6'
]

$_SERVER = [
    'USER' => 'niancode'
    'HOME' => '/Users/niancode'
    'FCGI_ROLE' => 'RESPONDER'
    'SCRIPT_FILENAME' => '/Users/niancode/niandev/37ln/cakewx/app/web/index.php'
    'QUERY_STRING' => ''
    'REQUEST_METHOD' => 'GET'
    'CONTENT_TYPE' => ''
    'CONTENT_LENGTH' => ''
    'SCRIPT_NAME' => '/index.php'
    'REQUEST_URI' => '/index.php'
    'DOCUMENT_URI' => '/index.php'
    'DOCUMENT_ROOT' => '/Users/niancode/niandev/37ln/cakewx/app/web'
    'SERVER_PROTOCOL' => 'HTTP/1.1'
    'GATEWAY_INTERFACE' => 'CGI/1.1'
    'SERVER_SOFTWARE' => 'nginx/1.8.0'
    'REMOTE_ADDR' => '127.0.0.1'
    'REMOTE_PORT' => '64846'
    'SERVER_ADDR' => '127.0.0.1'
    'SERVER_PORT' => '80'
    'SERVER_NAME' => 'cx2.niandev.com'
    'REDIRECT_STATUS' => '200'
    'HTTP_HOST' => 'cx2.niandev.com'
    'HTTP_ACCEPT' => 'text/html,application/xhtml+xml,application/xml;q=0.9,*/*;q=0.8'
    'HTTP_CONNECTION' => 'keep-alive'
    'HTTP_COOKIE' => '_csrf=a6ad5fd5d26d3c3fbfd30a2c12645d8cb2583aa99e72d08e9e90857828663026a%3A2%3A%7Bi%3A0%3Bs%3A5%3A%22_csrf%22%3Bi%3A1%3Bs%3A32%3A%22zgcTRIQdz9FkZQDBjgOeuV98KfLLSxwR%22%3B%7D; PHPSESSID=eiqk6f1budqm34nifsdboahha6'
    'HTTP_USER_AGENT' => 'Mozilla/5.0 (Macintosh; Intel Mac OS X 10_10_2) AppleWebKit/600.3.18 (KHTML, like Gecko) Version/8.0.3 Safari/600.3.18'
    'HTTP_ACCEPT_LANGUAGE' => 'zh-cn'
    'HTTP_CACHE_CONTROL' => 'max-age=0'
    'HTTP_ACCEPT_ENCODING' => 'gzip, deflate'
    'PHP_SELF' => '/index.php'
    'REQUEST_TIME_FLOAT' => 1432621347.1997
    'REQUEST_TIME' => 1432621347
]
2015-05-26 06:22:41 [127.0.0.1][-][-][error][yii\web\HttpException:404] exception 'yii\base\InvalidRouteException' with message 'Unable to resolve the request "".' in /Users/niancode/niandev/37ln/cakewx/vendor/yiisoft/yii2/base/Module.php:461
Stack trace:
#0 /Users/niancode/niandev/37ln/cakewx/vendor/yiisoft/yii2/web/Application.php(84): yii\base\Module->runAction('', Array)
#1 /Users/niancode/niandev/37ln/cakewx/vendor/yiisoft/yii2/base/Application.php(375): yii\web\Application->handleRequest(Object(yii\web\Request))
#2 /Users/niancode/niandev/37ln/cakewx/app/web/index.php(18): yii\base\Application->run()
#3 {main}

Next exception 'yii\web\NotFoundHttpException' with message 'Page not found.' in /Users/niancode/niandev/37ln/cakewx/vendor/yiisoft/yii2/web/Application.php:96
Stack trace:
#0 /Users/niancode/niandev/37ln/cakewx/vendor/yiisoft/yii2/base/Application.php(375): yii\web\Application->handleRequest(Object(yii\web\Request))
#1 /Users/niancode/niandev/37ln/cakewx/app/web/index.php(18): yii\base\Application->run()
#2 {main}
2015-05-26 06:22:41 [127.0.0.1][-][-][info][application] $_COOKIE = [
    '_csrf' => 'a6ad5fd5d26d3c3fbfd30a2c12645d8cb2583aa99e72d08e9e90857828663026a:2:{i:0;s:5:\"_csrf\";i:1;s:32:\"zgcTRIQdz9FkZQDBjgOeuV98KfLLSxwR\";}'
    'PHPSESSID' => 'eiqk6f1budqm34nifsdboahha6'
]

$_SERVER = [
    'USER' => 'niancode'
    'HOME' => '/Users/niancode'
    'FCGI_ROLE' => 'RESPONDER'
    'SCRIPT_FILENAME' => '/Users/niancode/niandev/37ln/cakewx/app/web/index.php'
    'QUERY_STRING' => ''
    'REQUEST_METHOD' => 'GET'
    'CONTENT_TYPE' => ''
    'CONTENT_LENGTH' => ''
    'SCRIPT_NAME' => '/index.php'
    'REQUEST_URI' => '/index.php'
    'DOCUMENT_URI' => '/index.php'
    'DOCUMENT_ROOT' => '/Users/niancode/niandev/37ln/cakewx/app/web'
    'SERVER_PROTOCOL' => 'HTTP/1.1'
    'GATEWAY_INTERFACE' => 'CGI/1.1'
    'SERVER_SOFTWARE' => 'nginx/1.8.0'
    'REMOTE_ADDR' => '127.0.0.1'
    'REMOTE_PORT' => '64846'
    'SERVER_ADDR' => '127.0.0.1'
    'SERVER_PORT' => '80'
    'SERVER_NAME' => 'cx2.niandev.com'
    'REDIRECT_STATUS' => '200'
    'HTTP_HOST' => 'cx2.niandev.com'
    'HTTP_ACCEPT' => 'text/html,application/xhtml+xml,application/xml;q=0.9,*/*;q=0.8'
    'HTTP_CONNECTION' => 'keep-alive'
    'HTTP_COOKIE' => '_csrf=a6ad5fd5d26d3c3fbfd30a2c12645d8cb2583aa99e72d08e9e90857828663026a%3A2%3A%7Bi%3A0%3Bs%3A5%3A%22_csrf%22%3Bi%3A1%3Bs%3A32%3A%22zgcTRIQdz9FkZQDBjgOeuV98KfLLSxwR%22%3B%7D; PHPSESSID=eiqk6f1budqm34nifsdboahha6'
    'HTTP_USER_AGENT' => 'Mozilla/5.0 (Macintosh; Intel Mac OS X 10_10_2) AppleWebKit/600.3.18 (KHTML, like Gecko) Version/8.0.3 Safari/600.3.18'
    'HTTP_ACCEPT_LANGUAGE' => 'zh-cn'
    'HTTP_CACHE_CONTROL' => 'max-age=0'
    'HTTP_ACCEPT_ENCODING' => 'gzip, deflate'
    'PHP_SELF' => '/index.php'
    'REQUEST_TIME_FLOAT' => 1432621361.7933
    'REQUEST_TIME' => 1432621361
]
2015-05-26 06:23:34 [127.0.0.1][-][-][error][yii\base\UnknownClassException] exception 'yii\base\UnknownClassException' with message 'Unable to find 'frontend\controllers\SiteController' in file: /Users/niancode/niandev/37ln/cakewx/app/frontend/controllers/SiteController.php. Namespace missing?' in /Users/niancode/niandev/37ln/cakewx/vendor/yiisoft/yii2/BaseYii.php:291
Stack trace:
#0 [internal function]: yii\BaseYii::autoload('frontend\\contro...')
#1 [internal function]: spl_autoload_call('frontend\\contro...')
#2 /Users/niancode/niandev/37ln/cakewx/vendor/yiisoft/yii2/base/Module.php(563): class_exists('frontend\\contro...')
#3 /Users/niancode/niandev/37ln/cakewx/vendor/yiisoft/yii2/base/Module.php(521): yii\base\Module->createControllerByID('site')
#4 /Users/niancode/niandev/37ln/cakewx/vendor/yiisoft/yii2/base/Module.php(449): yii\base\Module->createController('')
#5 /Users/niancode/niandev/37ln/cakewx/vendor/yiisoft/yii2/web/Application.php(84): yii\base\Module->runAction('', Array)
#6 /Users/niancode/niandev/37ln/cakewx/vendor/yiisoft/yii2/base/Application.php(375): yii\web\Application->handleRequest(Object(yii\web\Request))
#7 /Users/niancode/niandev/37ln/cakewx/app/web/index.php(18): yii\base\Application->run()
#8 {main}
2015-05-26 06:23:34 [127.0.0.1][-][-][info][application] $_COOKIE = [
    '_csrf' => 'a6ad5fd5d26d3c3fbfd30a2c12645d8cb2583aa99e72d08e9e90857828663026a:2:{i:0;s:5:\"_csrf\";i:1;s:32:\"zgcTRIQdz9FkZQDBjgOeuV98KfLLSxwR\";}'
    'PHPSESSID' => 'eiqk6f1budqm34nifsdboahha6'
]

$_SERVER = [
    'USER' => 'niancode'
    'HOME' => '/Users/niancode'
    'FCGI_ROLE' => 'RESPONDER'
    'SCRIPT_FILENAME' => '/Users/niancode/niandev/37ln/cakewx/app/web/index.php'
    'QUERY_STRING' => ''
    'REQUEST_METHOD' => 'GET'
    'CONTENT_TYPE' => ''
    'CONTENT_LENGTH' => ''
    'SCRIPT_NAME' => '/index.php'
    'REQUEST_URI' => '/index.php'
    'DOCUMENT_URI' => '/index.php'
    'DOCUMENT_ROOT' => '/Users/niancode/niandev/37ln/cakewx/app/web'
    'SERVER_PROTOCOL' => 'HTTP/1.1'
    'GATEWAY_INTERFACE' => 'CGI/1.1'
    'SERVER_SOFTWARE' => 'nginx/1.8.0'
    'REMOTE_ADDR' => '127.0.0.1'
    'REMOTE_PORT' => '64854'
    'SERVER_ADDR' => '127.0.0.1'
    'SERVER_PORT' => '80'
    'SERVER_NAME' => 'cx2.niandev.com'
    'REDIRECT_STATUS' => '200'
    'HTTP_HOST' => 'cx2.niandev.com'
    'HTTP_ACCEPT' => 'text/html,application/xhtml+xml,application/xml;q=0.9,*/*;q=0.8'
    'HTTP_CONNECTION' => 'keep-alive'
    'HTTP_COOKIE' => '_csrf=a6ad5fd5d26d3c3fbfd30a2c12645d8cb2583aa99e72d08e9e90857828663026a%3A2%3A%7Bi%3A0%3Bs%3A5%3A%22_csrf%22%3Bi%3A1%3Bs%3A32%3A%22zgcTRIQdz9FkZQDBjgOeuV98KfLLSxwR%22%3B%7D; PHPSESSID=eiqk6f1budqm34nifsdboahha6'
    'HTTP_USER_AGENT' => 'Mozilla/5.0 (Macintosh; Intel Mac OS X 10_10_2) AppleWebKit/600.3.18 (KHTML, like Gecko) Version/8.0.3 Safari/600.3.18'
    'HTTP_ACCEPT_LANGUAGE' => 'zh-cn'
    'HTTP_CACHE_CONTROL' => 'max-age=0'
    'HTTP_ACCEPT_ENCODING' => 'gzip, deflate'
    'PHP_SELF' => '/index.php'
    'REQUEST_TIME_FLOAT' => 1432621414.0405
    'REQUEST_TIME' => 1432621414
]
2015-05-26 06:23:38 [127.0.0.1][-][-][error][yii\base\UnknownClassException] exception 'yii\base\UnknownClassException' with message 'Unable to find 'frontend\controllers\SiteController' in file: /Users/niancode/niandev/37ln/cakewx/app/frontend/controllers/SiteController.php. Namespace missing?' in /Users/niancode/niandev/37ln/cakewx/vendor/yiisoft/yii2/BaseYii.php:291
Stack trace:
#0 [internal function]: yii\BaseYii::autoload('frontend\\contro...')
#1 [internal function]: spl_autoload_call('frontend\\contro...')
#2 /Users/niancode/niandev/37ln/cakewx/vendor/yiisoft/yii2/base/Module.php(563): class_exists('frontend\\contro...')
#3 /Users/niancode/niandev/37ln/cakewx/vendor/yiisoft/yii2/base/Module.php(521): yii\base\Module->createControllerByID('site')
#4 /Users/niancode/niandev/37ln/cakewx/vendor/yiisoft/yii2/base/Module.php(449): yii\base\Module->createController('')
#5 /Users/niancode/niandev/37ln/cakewx/vendor/yiisoft/yii2/web/Application.php(84): yii\base\Module->runAction('', Array)
#6 /Users/niancode/niandev/37ln/cakewx/vendor/yiisoft/yii2/base/Application.php(375): yii\web\Application->handleRequest(Object(yii\web\Request))
#7 /Users/niancode/niandev/37ln/cakewx/app/web/index.php(18): yii\base\Application->run()
#8 {main}
2015-05-26 06:23:38 [127.0.0.1][-][-][info][application] $_COOKIE = [
    '_csrf' => 'a6ad5fd5d26d3c3fbfd30a2c12645d8cb2583aa99e72d08e9e90857828663026a:2:{i:0;s:5:\"_csrf\";i:1;s:32:\"zgcTRIQdz9FkZQDBjgOeuV98KfLLSxwR\";}'
    'PHPSESSID' => 'eiqk6f1budqm34nifsdboahha6'
]

$_SERVER = [
    'USER' => 'niancode'
    'HOME' => '/Users/niancode'
    'FCGI_ROLE' => 'RESPONDER'
    'SCRIPT_FILENAME' => '/Users/niancode/niandev/37ln/cakewx/app/web/index.php'
    'QUERY_STRING' => ''
    'REQUEST_METHOD' => 'GET'
    'CONTENT_TYPE' => ''
    'CONTENT_LENGTH' => ''
    'SCRIPT_NAME' => '/index.php'
    'REQUEST_URI' => '/index.php'
    'DOCUMENT_URI' => '/index.php'
    'DOCUMENT_ROOT' => '/Users/niancode/niandev/37ln/cakewx/app/web'
    'SERVER_PROTOCOL' => 'HTTP/1.1'
    'GATEWAY_INTERFACE' => 'CGI/1.1'
    'SERVER_SOFTWARE' => 'nginx/1.8.0'
    'REMOTE_ADDR' => '127.0.0.1'
    'REMOTE_PORT' => '64854'
    'SERVER_ADDR' => '127.0.0.1'
    'SERVER_PORT' => '80'
    'SERVER_NAME' => 'cx2.niandev.com'
    'REDIRECT_STATUS' => '200'
    'HTTP_HOST' => 'cx2.niandev.com'
    'HTTP_ACCEPT' => 'text/html,application/xhtml+xml,application/xml;q=0.9,*/*;q=0.8'
    'HTTP_CONNECTION' => 'keep-alive'
    'HTTP_COOKIE' => '_csrf=a6ad5fd5d26d3c3fbfd30a2c12645d8cb2583aa99e72d08e9e90857828663026a%3A2%3A%7Bi%3A0%3Bs%3A5%3A%22_csrf%22%3Bi%3A1%3Bs%3A32%3A%22zgcTRIQdz9FkZQDBjgOeuV98KfLLSxwR%22%3B%7D; PHPSESSID=eiqk6f1budqm34nifsdboahha6'
    'HTTP_USER_AGENT' => 'Mozilla/5.0 (Macintosh; Intel Mac OS X 10_10_2) AppleWebKit/600.3.18 (KHTML, like Gecko) Version/8.0.3 Safari/600.3.18'
    'HTTP_ACCEPT_LANGUAGE' => 'zh-cn'
    'HTTP_CACHE_CONTROL' => 'max-age=0'
    'HTTP_ACCEPT_ENCODING' => 'gzip, deflate'
    'PHP_SELF' => '/index.php'
    'REQUEST_TIME_FLOAT' => 1432621418.9008
    'REQUEST_TIME' => 1432621418
]
2015-05-26 06:24:14 [127.0.0.1][-][-][error][yii\base\UnknownClassException] exception 'yii\base\UnknownClassException' with message 'Unable to find 'frontend\controllers\SiteController' in file: /Users/niancode/niandev/37ln/cakewx/app/frontend/controllers/SiteController.php. Namespace missing?' in /Users/niancode/niandev/37ln/cakewx/vendor/yiisoft/yii2/BaseYii.php:291
Stack trace:
#0 [internal function]: yii\BaseYii::autoload('frontend\\contro...')
#1 [internal function]: spl_autoload_call('frontend\\contro...')
#2 /Users/niancode/niandev/37ln/cakewx/vendor/yiisoft/yii2/base/Module.php(563): class_exists('frontend\\contro...')
#3 /Users/niancode/niandev/37ln/cakewx/vendor/yiisoft/yii2/base/Module.php(521): yii\base\Module->createControllerByID('site')
#4 /Users/niancode/niandev/37ln/cakewx/vendor/yiisoft/yii2/base/Module.php(449): yii\base\Module->createController('')
#5 /Users/niancode/niandev/37ln/cakewx/vendor/yiisoft/yii2/web/Application.php(84): yii\base\Module->runAction('', Array)
#6 /Users/niancode/niandev/37ln/cakewx/vendor/yiisoft/yii2/base/Application.php(375): yii\web\Application->handleRequest(Object(yii\web\Request))
#7 /Users/niancode/niandev/37ln/cakewx/app/web/index.php(18): yii\base\Application->run()
#8 {main}
2015-05-26 06:24:14 [127.0.0.1][-][-][info][application] $_COOKIE = [
    '_csrf' => 'a6ad5fd5d26d3c3fbfd30a2c12645d8cb2583aa99e72d08e9e90857828663026a:2:{i:0;s:5:\"_csrf\";i:1;s:32:\"zgcTRIQdz9FkZQDBjgOeuV98KfLLSxwR\";}'
    'PHPSESSID' => 'eiqk6f1budqm34nifsdboahha6'
]

$_SERVER = [
    'USER' => 'niancode'
    'HOME' => '/Users/niancode'
    'FCGI_ROLE' => 'RESPONDER'
    'SCRIPT_FILENAME' => '/Users/niancode/niandev/37ln/cakewx/app/web/index.php'
    'QUERY_STRING' => ''
    'REQUEST_METHOD' => 'GET'
    'CONTENT_TYPE' => ''
    'CONTENT_LENGTH' => ''
    'SCRIPT_NAME' => '/index.php'
    'REQUEST_URI' => '/index.php'
    'DOCUMENT_URI' => '/index.php'
    'DOCUMENT_ROOT' => '/Users/niancode/niandev/37ln/cakewx/app/web'
    'SERVER_PROTOCOL' => 'HTTP/1.1'
    'GATEWAY_INTERFACE' => 'CGI/1.1'
    'SERVER_SOFTWARE' => 'nginx/1.8.0'
    'REMOTE_ADDR' => '127.0.0.1'
    'REMOTE_PORT' => '64854'
    'SERVER_ADDR' => '127.0.0.1'
    'SERVER_PORT' => '80'
    'SERVER_NAME' => 'cx2.niandev.com'
    'REDIRECT_STATUS' => '200'
    'HTTP_HOST' => 'cx2.niandev.com'
    'HTTP_ACCEPT' => 'text/html,application/xhtml+xml,application/xml;q=0.9,*/*;q=0.8'
    'HTTP_CONNECTION' => 'keep-alive'
    'HTTP_COOKIE' => '_csrf=a6ad5fd5d26d3c3fbfd30a2c12645d8cb2583aa99e72d08e9e90857828663026a%3A2%3A%7Bi%3A0%3Bs%3A5%3A%22_csrf%22%3Bi%3A1%3Bs%3A32%3A%22zgcTRIQdz9FkZQDBjgOeuV98KfLLSxwR%22%3B%7D; PHPSESSID=eiqk6f1budqm34nifsdboahha6'
    'HTTP_USER_AGENT' => 'Mozilla/5.0 (Macintosh; Intel Mac OS X 10_10_2) AppleWebKit/600.3.18 (KHTML, like Gecko) Version/8.0.3 Safari/600.3.18'
    'HTTP_ACCEPT_LANGUAGE' => 'zh-cn'
    'HTTP_CACHE_CONTROL' => 'max-age=0'
    'HTTP_ACCEPT_ENCODING' => 'gzip, deflate'
    'PHP_SELF' => '/index.php'
    'REQUEST_TIME_FLOAT' => 1432621454.3508
    'REQUEST_TIME' => 1432621454
]
2015-05-26 06:24:15 [127.0.0.1][-][-][error][yii\base\UnknownClassException] exception 'yii\base\UnknownClassException' with message 'Unable to find 'frontend\controllers\SiteController' in file: /Users/niancode/niandev/37ln/cakewx/app/frontend/controllers/SiteController.php. Namespace missing?' in /Users/niancode/niandev/37ln/cakewx/vendor/yiisoft/yii2/BaseYii.php:291
Stack trace:
#0 [internal function]: yii\BaseYii::autoload('frontend\\contro...')
#1 [internal function]: spl_autoload_call('frontend\\contro...')
#2 /Users/niancode/niandev/37ln/cakewx/vendor/yiisoft/yii2/base/Module.php(563): class_exists('frontend\\contro...')
#3 /Users/niancode/niandev/37ln/cakewx/vendor/yiisoft/yii2/base/Module.php(521): yii\base\Module->createControllerByID('site')
#4 /Users/niancode/niandev/37ln/cakewx/vendor/yiisoft/yii2/base/Module.php(449): yii\base\Module->createController('')
#5 /Users/niancode/niandev/37ln/cakewx/vendor/yiisoft/yii2/web/Application.php(84): yii\base\Module->runAction('', Array)
#6 /Users/niancode/niandev/37ln/cakewx/vendor/yiisoft/yii2/base/Application.php(375): yii\web\Application->handleRequest(Object(yii\web\Request))
#7 /Users/niancode/niandev/37ln/cakewx/app/web/index.php(18): yii\base\Application->run()
#8 {main}
2015-05-26 06:24:15 [127.0.0.1][-][-][info][application] $_COOKIE = [
    '_csrf' => 'a6ad5fd5d26d3c3fbfd30a2c12645d8cb2583aa99e72d08e9e90857828663026a:2:{i:0;s:5:\"_csrf\";i:1;s:32:\"zgcTRIQdz9FkZQDBjgOeuV98KfLLSxwR\";}'
    'PHPSESSID' => 'eiqk6f1budqm34nifsdboahha6'
]

$_SERVER = [
    'USER' => 'niancode'
    'HOME' => '/Users/niancode'
    'FCGI_ROLE' => 'RESPONDER'
    'SCRIPT_FILENAME' => '/Users/niancode/niandev/37ln/cakewx/app/web/index.php'
    'QUERY_STRING' => ''
    'REQUEST_METHOD' => 'GET'
    'CONTENT_TYPE' => ''
    'CONTENT_LENGTH' => ''
    'SCRIPT_NAME' => '/index.php'
    'REQUEST_URI' => '/index.php'
    'DOCUMENT_URI' => '/index.php'
    'DOCUMENT_ROOT' => '/Users/niancode/niandev/37ln/cakewx/app/web'
    'SERVER_PROTOCOL' => 'HTTP/1.1'
    'GATEWAY_INTERFACE' => 'CGI/1.1'
    'SERVER_SOFTWARE' => 'nginx/1.8.0'
    'REMOTE_ADDR' => '127.0.0.1'
    'REMOTE_PORT' => '64854'
    'SERVER_ADDR' => '127.0.0.1'
    'SERVER_PORT' => '80'
    'SERVER_NAME' => 'cx2.niandev.com'
    'REDIRECT_STATUS' => '200'
    'HTTP_HOST' => 'cx2.niandev.com'
    'HTTP_ACCEPT' => 'text/html,application/xhtml+xml,application/xml;q=0.9,*/*;q=0.8'
    'HTTP_CONNECTION' => 'keep-alive'
    'HTTP_COOKIE' => '_csrf=a6ad5fd5d26d3c3fbfd30a2c12645d8cb2583aa99e72d08e9e90857828663026a%3A2%3A%7Bi%3A0%3Bs%3A5%3A%22_csrf%22%3Bi%3A1%3Bs%3A32%3A%22zgcTRIQdz9FkZQDBjgOeuV98KfLLSxwR%22%3B%7D; PHPSESSID=eiqk6f1budqm34nifsdboahha6'
    'HTTP_USER_AGENT' => 'Mozilla/5.0 (Macintosh; Intel Mac OS X 10_10_2) AppleWebKit/600.3.18 (KHTML, like Gecko) Version/8.0.3 Safari/600.3.18'
    'HTTP_ACCEPT_LANGUAGE' => 'zh-cn'
    'HTTP_CACHE_CONTROL' => 'max-age=0'
    'HTTP_ACCEPT_ENCODING' => 'gzip, deflate'
    'PHP_SELF' => '/index.php'
    'REQUEST_TIME_FLOAT' => 1432621455.1264
    'REQUEST_TIME' => 1432621455
]
2015-05-26 06:24:39 [127.0.0.1][-][-][error][yii\base\UnknownClassException] exception 'yii\base\UnknownClassException' with message 'Unable to find 'frontend\controllers\SiteController' in file: /Users/niancode/niandev/37ln/cakewx/app/frontend/controllers/SiteController.php. Namespace missing?' in /Users/niancode/niandev/37ln/cakewx/vendor/yiisoft/yii2/BaseYii.php:291
Stack trace:
#0 [internal function]: yii\BaseYii::autoload('frontend\\contro...')
#1 [internal function]: spl_autoload_call('frontend\\contro...')
#2 /Users/niancode/niandev/37ln/cakewx/vendor/yiisoft/yii2/base/Module.php(563): class_exists('frontend\\contro...')
#3 /Users/niancode/niandev/37ln/cakewx/vendor/yiisoft/yii2/base/Module.php(521): yii\base\Module->createControllerByID('site')
#4 /Users/niancode/niandev/37ln/cakewx/vendor/yiisoft/yii2/base/Module.php(449): yii\base\Module->createController('')
#5 /Users/niancode/niandev/37ln/cakewx/vendor/yiisoft/yii2/web/Application.php(84): yii\base\Module->runAction('', Array)
#6 /Users/niancode/niandev/37ln/cakewx/vendor/yiisoft/yii2/base/Application.php(375): yii\web\Application->handleRequest(Object(yii\web\Request))
#7 /Users/niancode/niandev/37ln/cakewx/app/web/index.php(18): yii\base\Application->run()
#8 {main}
2015-05-26 06:24:39 [127.0.0.1][-][-][info][application] $_COOKIE = [
    '_csrf' => 'a6ad5fd5d26d3c3fbfd30a2c12645d8cb2583aa99e72d08e9e90857828663026a:2:{i:0;s:5:\"_csrf\";i:1;s:32:\"zgcTRIQdz9FkZQDBjgOeuV98KfLLSxwR\";}'
    'PHPSESSID' => 'eiqk6f1budqm34nifsdboahha6'
]

$_SERVER = [
    'USER' => 'niancode'
    'HOME' => '/Users/niancode'
    'FCGI_ROLE' => 'RESPONDER'
    'SCRIPT_FILENAME' => '/Users/niancode/niandev/37ln/cakewx/app/web/index.php'
    'QUERY_STRING' => ''
    'REQUEST_METHOD' => 'GET'
    'CONTENT_TYPE' => ''
    'CONTENT_LENGTH' => ''
    'SCRIPT_NAME' => '/index.php'
    'REQUEST_URI' => '/index.php'
    'DOCUMENT_URI' => '/index.php'
    'DOCUMENT_ROOT' => '/Users/niancode/niandev/37ln/cakewx/app/web'
    'SERVER_PROTOCOL' => 'HTTP/1.1'
    'GATEWAY_INTERFACE' => 'CGI/1.1'
    'SERVER_SOFTWARE' => 'nginx/1.8.0'
    'REMOTE_ADDR' => '127.0.0.1'
    'REMOTE_PORT' => '64854'
    'SERVER_ADDR' => '127.0.0.1'
    'SERVER_PORT' => '80'
    'SERVER_NAME' => 'cx2.niandev.com'
    'REDIRECT_STATUS' => '200'
    'HTTP_HOST' => 'cx2.niandev.com'
    'HTTP_ACCEPT' => 'text/html,application/xhtml+xml,application/xml;q=0.9,*/*;q=0.8'
    'HTTP_CONNECTION' => 'keep-alive'
    'HTTP_COOKIE' => '_csrf=a6ad5fd5d26d3c3fbfd30a2c12645d8cb2583aa99e72d08e9e90857828663026a%3A2%3A%7Bi%3A0%3Bs%3A5%3A%22_csrf%22%3Bi%3A1%3Bs%3A32%3A%22zgcTRIQdz9FkZQDBjgOeuV98KfLLSxwR%22%3B%7D; PHPSESSID=eiqk6f1budqm34nifsdboahha6'
    'HTTP_USER_AGENT' => 'Mozilla/5.0 (Macintosh; Intel Mac OS X 10_10_2) AppleWebKit/600.3.18 (KHTML, like Gecko) Version/8.0.3 Safari/600.3.18'
    'HTTP_ACCEPT_LANGUAGE' => 'zh-cn'
    'HTTP_CACHE_CONTROL' => 'max-age=0'
    'HTTP_ACCEPT_ENCODING' => 'gzip, deflate'
    'PHP_SELF' => '/index.php'
    'REQUEST_TIME_FLOAT' => 1432621479.3025
    'REQUEST_TIME' => 1432621479
]
